0 silly argv { _: [ 'version' ],
0 silly argv   'conventional-commits': true,
0 silly argv   conventionalCommits: true,
0 silly argv   yes: true,
0 silly argv   y: true,
0 silly argv   lernaVersion: '3.18.4',
0 silly argv   '$0': 'node_modules\\lerna\\cli.js' }
1 notice cli v3.18.4
2 verbose rootPath E:\POC
3 info current version 1.0.1
4 silly isAnythingCommitted
5 verbose isAnythingCommitted 1
6 silly currentBranch
7 verbose currentBranch master
8 silly remoteBranchExists
9 silly isBehindUpstream
10 silly isBehindUpstream master is behind origin/master by 0 commit(s) and ahead by 0
11 silly hasTags
12 verbose hasTags true
13 silly git-describe.sync "v1.0.1-1-g5ff5f4d" => {"lastTagName":"v1.0.1","lastVersion":"v1.0.1","refCount":"1","sha":"5ff5f4d","isDirty":false}
14 info Looking for changed packages since v1.0.1
15 silly checking diff packages/common
16 silly no diff found in @walnut/common
17 silly checking diff packages/server
18 silly no diff found in @walnut/server
19 silly checking diff packages/web
20 silly found diff in packages/web/.gitignore
20 silly found diff in packages/web/README.md
20 silly found diff in packages/web/package.json
20 silly found diff in packages/web/public/favicon.ico
20 silly found diff in packages/web/public/index.html
20 silly found diff in packages/web/public/logo192.png
20 silly found diff in packages/web/public/logo512.png
20 silly found diff in packages/web/public/manifest.json
20 silly found diff in packages/web/public/robots.txt
20 silly found diff in packages/web/src/App.css
20 silly found diff in packages/web/src/App.js
20 silly found diff in packages/web/src/App.test.js
20 silly found diff in packages/web/src/index.css
20 silly found diff in packages/web/src/index.js
20 silly found diff in packages/web/src/logo.svg
20 silly found diff in packages/web/src/serviceWorker.js
20 silly found diff in packages/web/yarn.lock
21 verbose filtered diff [ 'packages/web/.gitignore',
21 verbose filtered diff   'packages/web/README.md',
21 verbose filtered diff   'packages/web/package.json',
21 verbose filtered diff   'packages/web/public/favicon.ico',
21 verbose filtered diff   'packages/web/public/index.html',
21 verbose filtered diff   'packages/web/public/logo192.png',
21 verbose filtered diff   'packages/web/public/logo512.png',
21 verbose filtered diff   'packages/web/public/manifest.json',
21 verbose filtered diff   'packages/web/public/robots.txt',
21 verbose filtered diff   'packages/web/src/App.css',
21 verbose filtered diff   'packages/web/src/App.js',
21 verbose filtered diff   'packages/web/src/App.test.js',
21 verbose filtered diff   'packages/web/src/index.css',
21 verbose filtered diff   'packages/web/src/index.js',
21 verbose filtered diff   'packages/web/src/logo.svg',
21 verbose filtered diff   'packages/web/src/serviceWorker.js',
21 verbose filtered diff   'packages/web/yarn.lock' ]
22 verbose updated web
23 verbose git-describe undefined => "v1.0.1-1-g5ff5f4d"
24 silly git-describe parsed => {"lastTagName":"v1.0.1","lastVersion":"v1.0.1","refCount":"1","sha":"5ff5f4d","isDirty":false}
25 verbose version Overriding version of web from 0.1.0 to 1.0.1
26 silly fixed for web at E:\POC\packages\web
27 verbose getChangelogConfig using preset "conventional-changelog-angular"
28 silly npa Result {
28 silly npa   type: 'tag',
28 silly npa   registry: true,
28 silly npa   where: undefined,
28 silly npa   raw: 'conventional-changelog-angular',
28 silly npa   name: 'conventional-changelog-angular',
28 silly npa   escapedName: 'conventional-changelog-angular',
28 silly npa   scope: undefined,
28 silly npa   rawSpec: '',
28 silly npa   saveSpec: null,
28 silly npa   fetchSpec: 'latest',
28 silly npa   gitRange: undefined,
28 silly npa   gitCommittish: undefined,
28 silly npa   hosted: undefined }
29 verbose getChangelogConfig Attempting to resolve preset "conventional-changelog-angular"
30 info getChangelogConfig Successfully resolved preset "conventional-changelog-angular"
31 verbose fixed increment 1.0.1 by patch
32 info auto-confirmed
33 info execute Skipping releases
34 silly lifecycle No script for "preversion" in "root", continuing
35 silly lifecycle No script for "preversion" in "web", continuing
36 silly lifecycle No script for "version" in "web", continuing
37 silly fixed for web at E:\POC\packages\web
38 silly fixed writing new entry: "## [1.0.2](https://github.com/Pokhriyal/uiarch/compare/v1.0.1...v1.0.2) (2019-11-19)\n\n**Note:** Version bump only for package web\n\n\n\n"
39 verbose fixed wrote E:\POC\packages\web\CHANGELOG.md
40 silly root for root at E:\POC
41 silly root writing new entry: "## [1.0.2](https://github.com/Pokhriyal/uiarch/compare/v1.0.1...v1.0.2) (2019-11-19)\n\n**Note:** Version bump only for package root\n\n\n\n"
42 verbose root wrote E:\POC\CHANGELOG.md
43 silly lifecycle No script for "version" in "root", continuing
44 silly gitAdd [ 'E:\\POC\\packages\\web\\package.json',
44 silly gitAdd   'E:\\POC\\packages\\web\\CHANGELOG.md',
44 silly gitAdd   'E:\\POC\\CHANGELOG.md',
44 silly gitAdd   'E:\\POC\\lerna.json' ]
45 silly gitCommit v1.0.2
46 verbose git [ 'commit', '-m', 'v1.0.2' ]
47 silly gitTag v1.0.2
48 verbose git [ 'tag', 'v1.0.2', '-m', 'v1.0.2' ]
49 silly lifecycle No script for "postversion" in "web", continuing
50 silly lifecycle No script for "postversion" in "root", continuing
51 info git Pushing tags...
52 silly gitPush origin master
53 error Error: Command failed: git push --follow-tags --no-verify origin master
53 error Fatal: HttpRequestException encountered.
53 error bash: /dev/tty: No such device or address
53 error error: failed to execute prompt script (exit code 1)
53 error fatal: could not read Username for 'https://github.com': Invalid argument
53 error
53 error     at makeError (E:\POC\node_modules\execa\index.js:174:9)
53 error     at Promise.all.then.arr (E:\POC\node_modules\execa\index.js:278:16)
53 error     at <anonymous>
